<?xml version="1.0" encoding="UTF-8"?>
<!-- Generated by org.testng.reporters.JUnitReportReporter -->
<testsuite skipped="0" hostname="LAPTOP-ANH0CLBI" name="com.revature.testng.NewTest" tests="3" failures="0" timestamp="05 Mar 2018 10:53:23 GMT" time="0.027" errors="0">
  <testcase name="test1" time="0.014" classname="com.revature.testng.NewTest"/>
  <testcase name="test3" time="0.010" classname="com.revature.testng.NewTest"/>
  <testcase name="test2" time="0.003" classname="com.revature.testng.NewTest"/>
</testsuite> <!-- com.revature.testng.NewTest -->
