<?xml version="1.0" encoding="UTF-8"?>
<!-- Generated by org.testng.reporters.JUnitReportReporter -->
<testsuite skipped="0" hostname="MSI" name="com.revature.testng.MercuryDriver" tests="2" failures="0" timestamp="28 Feb 2018 20:43:27 GMT" time="3.595" errors="0">
  <testcase name="logInToMercury" time="3.585" classname="com.revature.testng.MercuryDriver"/>
  <testcase name="confirmHomepage" time="0.010" classname="com.revature.testng.MercuryDriver"/>
</testsuite> <!-- com.revature.testng.MercuryDriver -->
